<?xml version="1.0" encoding="UTF-8"?>
<!-- Generated by org.testng.reporters.JUnitReportReporter -->
<testsuite hostname="krogon" failures="0" tests="1" name="TestCases.HomeTest" time="4.697" errors="0" timestamp="2022-09-10T22:07:48 PDT" skipped="0">
  <testcase classname="TestCases.HomeTest" name="Test1" time="4.697"/>
  <system-out/>
</testsuite> <!-- TestCases.HomeTest -->
