<?xml version="1.0" encoding="UTF-8"?>
<!-- Generated by org.testng.reporters.JUnitReportReporter -->
<testsuite hostname="krogon" failures="0" tests="3" name="TestCases.SimplilearnLoginTest" time="26.676" errors="0" timestamp="18 Sep 2022 04:40:27 GMT" skipped="0">
  <testcase classname="TestCases.SimplilearnLoginTest" name="Test3" time="9.893"/>
  <testcase classname="TestCases.SimplilearnLoginTest" name="Test1" time="7.605"/>
  <testcase classname="TestCases.SimplilearnLoginTest" name="Test2" time="9.178"/>
</testsuite> <!-- TestCases.SimplilearnLoginTest -->
