<?xml version="1.0" encoding="UTF-8"?>
<!-- Generated by org.testng.reporters.JUnitReportReporter -->
<testsuite skipped="0" hostname="krogon" name="TestCases.SimplilearnLoginTest" tests="3" failures="0" timestamp="18 Sep 2022 06:33:33 GMT" time="23.668" errors="0">
  <testcase name="Test1" time="7.148" classname="TestCases.SimplilearnLoginTest"/>
  <testcase name="Test3" time="11.302" classname="TestCases.SimplilearnLoginTest"/>
  <testcase name="Test2" time="5.218" classname="TestCases.SimplilearnLoginTest"/>
</testsuite> <!-- TestCases.SimplilearnLoginTest -->
